{"C:\\Users\\Marcos\\Desktop\\hd\\programação\\programação_node_js\\Clean-Node-Api\\src\\presentation\\controllers\\signup.ts": {"path":"C:\\Users\\Marcos\\Desktop\\hd\\programação\\programação_node_js\\Clean-Node-Api\\src\\presentation\\controllers\\signup.ts","all":false,"statementMap":{"0":{"start":{"line":1,"column":0},"end":{"line":1,"column":31}},"1":{"start":{"line":2,"column":0},"end":{"line":2,"column":34}},"2":{"start":{"line":3,"column":0},"end":{"line":3,"column":33}},"3":{"start":{"line":4,"column":0},"end":{"line":4,"column":72}},"4":{"start":{"line":5,"column":0},"end":{"line":5,"column":5}},"5":{"start":{"line":6,"column":0},"end":{"line":6,"column":0}},"6":{"start":{"line":7,"column":0},"end":{"line":7,"column":34}},"7":{"start":{"line":8,"column":0},"end":{"line":8,"column":73}},"8":{"start":{"line":9,"column":0},"end":{"line":9,"column":5}},"9":{"start":{"line":10,"column":0},"end":{"line":10,"column":3}},"10":{"start":{"line":11,"column":0},"end":{"line":11,"column":1}}},"s":{"0":1,"1":1,"2":2,"3":1,"4":1,"5":1,"6":1,"7":1,"8":1,"9":2,"10":1},"branchMap":{"0":{"type":"branch","line":2,"loc":{"start":{"line":2,"column":2},"end":{"line":10,"column":3}},"locations":[{"start":{"line":2,"column":2},"end":{"line":10,"column":3}}]},"1":{"type":"branch","line":3,"loc":{"start":{"line":3,"column":32},"end":{"line":9,"column":5}},"locations":[{"start":{"line":3,"column":32},"end":{"line":9,"column":5}}]}},"b":{"0":[2],"1":[1]},"fnMap":{"0":{"name":"handle","decl":{"start":{"line":2,"column":2},"end":{"line":10,"column":3}},"loc":{"start":{"line":2,"column":2},"end":{"line":10,"column":3}},"line":2}},"f":{"0":2}}
}
